#
# There is insufficient memory for the Java Runtime Environment to continue.
# Native memory allocation (malloc) failed to allocate 70080 bytes for Chunk::new
# Possible reasons:
#   The system is out of physical RAM or swap space
#   The process is running with CompressedOops enabled, and the Java Heap may be blocking the growth of the native heap
# Possible solutions:
#   Reduce memory load on the system
#   Increase physical memory or swap space
#   Check if swap backing store is full
#   Decrease Java heap size (-Xmx/-Xms)
#   Decrease number of Java threads
#   Decrease Java thread stack sizes (-Xss)
#   Set larger code cache with -XX:ReservedCodeCacheSize=
#   JVM is running with Unscaled Compressed Oops mode in which the Java heap is
#     placed in the first 4GB address space. The Java Heap base address is the
#     maximum limit for the native heap growth. Please use -XX:HeapBaseMinAddress
#     to set the Java Heap base and to place the Java Heap above 4GB virtual address.
# This output file may be truncated or incomplete.
#
#  Out of Memory Error (allocation.cpp:389), pid=14888, tid=0x0000000000006418
#
# JRE version: OpenJDK Runtime Environment (8.0_212-b04) (build 1.8.0_212-release-1586-b04)
# Java VM: OpenJDK 64-Bit Server VM (25.212-b04 mixed mode windows-amd64 compressed oops)
# Failed to write core dump. Minidumps are not enabled by default on client versions of Windows
#

---------------  T H R E A D  ---------------

Current thread (0x000000001609c000):  JavaThread "C2 CompilerThread0" daemon [_thread_in_native, id=25624, stack(0x0000000017700000,0x0000000017800000)]

Stack: [0x0000000017700000,0x0000000017800000]
[error occurred during error reporting (printing stack bounds), id 0xc0000005]

Native frames: (J=compiled Java code, j=interpreted, Vv=VM code, C=native code)


Current CompileTask:
C2:  15224 3645       4       org.objectweb.asm.Frame::execute (2318 bytes)


---------------  P R O C E S S  ---------------

Java Threads: ( => current thread )
  0x000000001d57f000 JavaThread "Cache worker for Build Output Cleanup Cache (C:\Users\test\AndroidStudioProjects\ecommerce\.gradle\buildOutputCleanup)" [_thread_blocked, id=25844, stack(0x00000000222b0000,0x00000000223b0000)]
  0x000000001d57c800 JavaThread "pool-1-thread-1" [_thread_blocked, id=1572, stack(0x0000000020b00000,0x0000000020c00000)]
  0x000000001d57c000 JavaThread "Build operations Thread 4" [_thread_blocked, id=17624, stack(0x0000000020800000,0x0000000020900000)]
  0x000000001d582800 JavaThread "Build operations Thread 3" [_thread_blocked, id=19000, stack(0x0000000020700000,0x0000000020800000)]
  0x000000001d580800 JavaThread "Build operations Thread 2" [_thread_blocked, id=13724, stack(0x0000000020600000,0x0000000020700000)]
  0x000000001d57b000 JavaThread "Build operations" [_thread_blocked, id=16924, stack(0x0000000020500000,0x0000000020600000)]
  0x000000001d57f800 JavaThread "Cache worker for execution history cache (C:\Users\test\.gradle\caches\5.6.4\executionHistory)" [_thread_blocked, id=4760, stack(0x0000000020200000,0x0000000020300000)]
  0x00000000194ed000 JavaThread "Cache worker for cache directory md-rule (C:\Users\test\.gradle\caches\5.6.4\md-rule)" [_thread_blocked, id=6724, stack(0x000000001f820000,0x000000001f920000)]
  0x00000000194ec800 JavaThread "Cache worker for cache directory md-supplier (C:\Users\test\.gradle\caches\5.6.4\md-supplier)" [_thread_blocked, id=18992, stack(0x000000001e6c0000,0x000000001e7c0000)]
  0x00000000194eb800 JavaThread "Cache worker for file hash cache (C:\Users\test\AndroidStudioProjects\ecommerce\.gradle\5.6.4\fileHashes)" [_thread_blocked, id=21008, stack(0x000000001dfc0000,0x000000001e0c0000)]
  0x00000000194ef800 JavaThread "Cache worker for journal cache (C:\Users\test\.gradle\caches\journal-1)" [_thread_blocked, id=22416, stack(0x000000001be20000,0x000000001bf20000)]
  0x00000000194ee000 JavaThread "File lock request listener" [_thread_in_native, id=19872, stack(0x000000001bd20000,0x000000001be20000)]
  0x00000000194f1000 JavaThread "Cache worker for file hash cache (C:\Users\test\.gradle\caches\5.6.4\fileHashes)" [_thread_blocked, id=2940, stack(0x000000001ba20000,0x000000001bb20000)]
  0x00000000199d3800 JavaThread "Thread-9" [_thread_blocked, id=2352, stack(0x000000001b920000,0x000000001ba20000)]
  0x0000000018bdc800 JavaThread "Stdin handler" [_thread_blocked, id=17180, stack(0x000000001b820000,0x000000001b920000)]
  0x0000000018bdc000 JavaThread "Asynchronous log dispatcher for DefaultDaemonConnection: socket connection from /127.0.0.1:54290 to /127.0.0.1:54291" [_thread_blocked, id=7452, stack(0x000000001b720000,0x000000001b820000)]
  0x0000000018bd6800 JavaThread "Daemon worker" [_thread_in_native, id=18004, stack(0x000000001b620000,0x000000001b720000)]
  0x00000000199d6800 JavaThread "Cancel handler" [_thread_blocked, id=10804, stack(0x000000001b520000,0x000000001b620000)]
  0x0000000019a54000 JavaThread "Handler for socket connection from /127.0.0.1:54290 to /127.0.0.1:54291" [_thread_in_native, id=3480, stack(0x000000001b220000,0x000000001b320000)]
  0x0000000019a50800 JavaThread "Daemon" [_thread_blocked, id=18864, stack(0x000000001b120000,0x000000001b220000)]
  0x0000000019988800 JavaThread "Daemon periodic checks" [_thread_blocked, id=19932, stack(0x000000001b020000,0x000000001b120000)]
  0x000000001997a800 JavaThread "Incoming local TCP Connector on port 54290" [_thread_in_native, id=15724, stack(0x000000001ade0000,0x000000001aee0000)]
  0x0000000018055000 JavaThread "Daemon health stats" [_thread_blocked, id=18596, stack(0x000000001a7a0000,0x000000001a8a0000)]
  0x0000000017a2a800 JavaThread "Service Thread" daemon [_thread_blocked, id=19284, stack(0x0000000017e00000,0x0000000017f00000)]
  0x00000000160a3000 JavaThread "C1 CompilerThread2" daemon [_thread_blocked, id=2060, stack(0x0000000017900000,0x0000000017a00000)]
  0x00000000160a0000 JavaThread "C2 CompilerThread1" daemon [_thread_in_native, id=15952, stack(0x0000000017800000,0x0000000017900000)]
=>0x000000001609c000 JavaThread "C2 CompilerThread0" daemon [_thread_in_native, id=25624, stack(0x0000000017700000,0x0000000017800000)]
  0x000000001609a800 JavaThread "Attach Listener" daemon [_thread_blocked, id=21836, stack(0x0000000017600000,0x0000000017700000)]
  0x00000000160a7000 JavaThread "Signal Dispatcher" daemon [_thread_blocked, id=22928, stack(0x0000000017500000,0x0000000017600000)]
  0x000000000272b800 JavaThread "Finalizer" daemon [_thread_blocked, id=7804, stack(0x0000000017300000,0x0000000017400000)]
  0x0000000002721000 JavaThread "Reference Handler" daemon [_thread_blocked, id=1852, stack(0x0000000017200000,0x0000000017300000)]
  0x0000000000d5e800 JavaThread "main" [_thread_blocked, id=22744, stack(0x0000000002530000,0x0000000002630000)]

Other Threads:
  0x0000000016067000 VMThread [stack: 0x0000000017100000,0x0000000017200000] [id=18900]
  0x0000000017a2b000 WatcherThread [stack: 0x0000000017f00000,0x0000000018000000] [id=16864]

VM state:not at safepoint (normal execution)

VM Mutex/Monitor currently owned by a thread: None

heap address: 0x00000000a0000000, size: 1536 MB, Compressed Oops mode: 32-bit
Narrow klass base: 0x0000000000000000, Narrow klass shift: 3
Compressed class space size: 1073741824 Address: 0x0000000100000000

Heap:
 PSYoungGen      total 140288K, used 15008K [0x00000000e0000000, 0x00000000e9700000, 0x0000000100000000)
  eden space 128000K, 11% used [0x00000000e0000000,0x00000000e0ea82c8,0x00000000e7d00000)
  from space 12288K, 0% used [0x00000000e8b00000,0x00000000e8b00000,0x00000000e9700000)
  to   space 13312K, 0% used [0x00000000e7d00000,0x00000000e7d00000,0x00000000e8a00000)
 ParOldGen       total 120320K, used 16916K [0x00000000a0000000, 0x00000000a7580000, 0x00000000e0000000)
  object space 120320K, 14% used [0x00000000a0000000,0x00000000a1085118,0x00000000a7580000)
 Metaspace       used 41752K, capacity 42850K, committed 43136K, reserved 1093632K
  class space    used 5653K, capacity 5949K, committed 6016K, reserved 1048576K

Card table byte_map: [0x0000000011af0000,0x0000000011e00000] byte_map_base: 0x00000000115f0000

Marking Bits: (ParMarkBitMap*) 0x00000000665d9f30
 Begin Bits: [0x0000000012400000, 0x0000000013c00000)
 End Bits:   [0x0000000013c00000, 0x0000000015400000)

Polling page: 0x0000000000c60000

CodeCache: size=245760Kb used=11475Kb max_used=11741Kb free=234284Kb
 bounds [0x0000000002730000, 0x00000000032b0000, 0x0000000011730000]
 total_blobs=4093 nmethods=3354 adapters=652
 compilation: enabled

Compilation events (10 events):
Event: 15.194 Thread 0x00000000160a3000 3673       1       org.gradle.internal.Cast::uncheckedCast (2 bytes)
Event: 15.194 Thread 0x00000000160a3000 nmethod 3673 0x0000000002d34ad0 code [0x0000000002d34c20, 0x0000000002d34d10]
Event: 15.199 Thread 0x00000000160a3000 3674       1       java.util.concurrent.CopyOnWriteArrayList::getArray (5 bytes)
Event: 15.199 Thread 0x00000000160a3000 nmethod 3674 0x00000000032a9810 code [0x00000000032a9960, 0x00000000032a9a70]
Event: 15.201 Thread 0x00000000160a0000 nmethod 3665 0x0000000002d69f50 code [0x0000000002d6a100, 0x0000000002d6a8c8]
Event: 15.201 Thread 0x00000000160a0000 3671       4       java.util.Objects::requireNonNull (14 bytes)
Event: 15.201 Thread 0x00000000160a0000 nmethod 3671 0x000000000292abd0 code [0x000000000292ad00, 0x000000000292ad58]
Event: 15.201 Thread 0x00000000160a0000 3666       4       com.google.common.reflect.TypeResolver$TypeVariableKey::equalsTypeVariable (48 bytes)
Event: 15.203 Thread 0x00000000160a3000 3675       3       java.util.concurrent.TimeUnit$1::convert (6 bytes)
Event: 15.204 Thread 0x00000000160a3000 nmethod 3675 0x0000000002d29450 code [0x0000000002d295c0, 0x0000000002d297e8]

GC Heap History (10 events):
Event: 14.796 GC heap before
{Heap before GC invocations=14 (full 4):
 PSYoungGen      total 128512K, used 1819K [0x00000000e0000000, 0x00000000e9980000, 0x0000000100000000)
  eden space 122880K, 0% used [0x00000000e0000000,0x00000000e0000000,0x00000000e7800000)
  from space 5632K, 32% used [0x00000000e8480000,0x00000000e8646e20,0x00000000e8a00000)
  to   space 12800K, 0% used [0x00000000e7800000,0x00000000e7800000,0x00000000e8480000)
 ParOldGen       total 120320K, used 18104K [0x00000000a0000000, 0x00000000a7580000, 0x00000000e0000000)
  object space 120320K, 15% used [0x00000000a0000000,0x00000000a11ae3d8,0x00000000a7580000)
 Metaspace       used 39909K, capacity 40798K, committed 41088K, reserved 1091584K
  class space    used 5390K, capacity 5661K, committed 5760K, reserved 1048576K
Event: 14.845 GC heap after
Heap after GC invocations=14 (full 4):
 PSYoungGen      total 128512K, used 0K [0x00000000e0000000, 0x00000000e9980000, 0x0000000100000000)
  eden space 122880K, 0% used [0x00000000e0000000,0x00000000e0000000,0x00000000e7800000)
  from space 5632K, 0% used [0x00000000e8480000,0x00000000e8480000,0x00000000e8a00000)
  to   space 12800K, 0% used [0x00000000e7800000,0x00000000e7800000,0x00000000e8480000)
 ParOldGen       total 120320K, used 17680K [0x00000000a0000000, 0x00000000a7580000, 0x00000000e0000000)
  object space 120320K, 14% used [0x00000000a0000000,0x00000000a1144298,0x00000000a7580000)
 Metaspace       used 39909K, capacity 40798K, committed 41088K, reserved 1089536K
  class space    used 5390K, capacity 5661K, committed 5760K, reserved 1048576K
}
Event: 14.923 GC heap before
{Heap before GC invocations=15 (full 4):
 PSYoungGen      total 128512K, used 6746K [0x00000000e0000000, 0x00000000e9980000, 0x0000000100000000)
  eden space 122880K, 5% used [0x00000000e0000000,0x00000000e0696868,0x00000000e7800000)
  from space 5632K, 0% used [0x00000000e8480000,0x00000000e8480000,0x00000000e8a00000)
  to   space 12800K, 0% used [0x00000000e7800000,0x00000000e7800000,0x00000000e8480000)
 ParOldGen       total 120320K, used 17680K [0x00000000a0000000, 0x00000000a7580000, 0x00000000e0000000)
  object space 120320K, 14% used [0x00000000a0000000,0x00000000a1144298,0x00000000a7580000)
 Metaspace       used 40646K, capacity 41592K, committed 41856K, reserved 1093632K
  class space    used 5462K, capacity 5730K, committed 5760K, reserved 1048576K
Event: 14.924 GC heap after
Heap after GC invocations=15 (full 4):
 PSYoungGen      total 135680K, used 885K [0x00000000e0000000, 0x00000000e9800000, 0x0000000100000000)
  eden space 122880K, 0% used [0x00000000e0000000,0x00000000e0000000,0x00000000e7800000)
  from space 12800K, 6% used [0x00000000e7800000,0x00000000e78dd5d0,0x00000000e8480000)
  to   space 13312K, 0% used [0x00000000e8b00000,0x00000000e8b00000,0x00000000e9800000)
 ParOldGen       total 120320K, used 17680K [0x00000000a0000000, 0x00000000a7580000, 0x00000000e0000000)
  object space 120320K, 14% used [0x00000000a0000000,0x00000000a1144298,0x00000000a7580000)
 Metaspace       used 40646K, capacity 41592K, committed 41856K, reserved 1093632K
  class space    used 5462K, capacity 5730K, committed 5760K, reserved 1048576K
}
Event: 14.924 GC heap before
{Heap before GC invocations=16 (full 5):
 PSYoungGen      total 135680K, used 885K [0x00000000e0000000, 0x00000000e9800000, 0x0000000100000000)
  eden space 122880K, 0% used [0x00000000e0000000,0x00000000e0000000,0x00000000e7800000)
  from space 12800K, 6% used [0x00000000e7800000,0x00000000e78dd5d0,0x00000000e8480000)
  to   space 13312K, 0% used [0x00000000e8b00000,0x00000000e8b00000,0x00000000e9800000)
 ParOldGen       total 120320K, used 17680K [0x00000000a0000000, 0x00000000a7580000, 0x00000000e0000000)
  object space 120320K, 14% used [0x00000000a0000000,0x00000000a1144298,0x00000000a7580000)
 Metaspace       used 40646K, capacity 41592K, committed 41856K, reserved 1093632K
  class space    used 5462K, capacity 5730K, committed 5760K, reserved 1048576K
Event: 14.971 GC heap after
Heap after GC invocations=16 (full 5):
 PSYoungGen      total 135680K, used 0K [0x00000000e0000000, 0x00000000e9800000, 0x0000000100000000)
  eden space 122880K, 0% used [0x00000000e0000000,0x00000000e0000000,0x00000000e7800000)
  from space 12800K, 0% used [0x00000000e7800000,0x00000000e7800000,0x00000000e8480000)
  to   space 13312K, 0% used [0x00000000e8b00000,0x00000000e8b00000,0x00000000e9800000)
 ParOldGen       total 120320K, used 17194K [0x00000000a0000000, 0x00000000a7580000, 0x00000000e0000000)
  object space 120320K, 14% used [0x00000000a0000000,0x00000000a10caac8,0x00000000a7580000)
 Metaspace       used 40646K, capacity 41592K, committed 41856K, reserved 1091584K
  class space    used 5462K, capacity 5730K, committed 5760K, reserved 1048576K
}
Event: 15.017 GC heap before
{Heap before GC invocations=17 (full 5):
 PSYoungGen      total 135680K, used 4630K [0x00000000e0000000, 0x00000000e9800000, 0x0000000100000000)
  eden space 122880K, 3% used [0x00000000e0000000,0x00000000e0485a28,0x00000000e7800000)
  from space 12800K, 0% used [0x00000000e7800000,0x00000000e7800000,0x00000000e8480000)
  to   space 13312K, 0% used [0x00000000e8b00000,0x00000000e8b00000,0x00000000e9800000)
 ParOldGen       total 120320K, used 17194K [0x00000000a0000000, 0x00000000a7580000, 0x00000000e0000000)
  object space 120320K, 14% used [0x00000000a0000000,0x00000000a10caac8,0x00000000a7580000)
 Metaspace       used 40957K, capacity 41886K, committed 42240K, reserved 1095680K
  class space    used 5506K, capacity 5763K, committed 5888K, reserved 1048576K
Event: 15.019 GC heap after
Heap after GC invocations=17 (full 5):
 PSYoungGen      total 140288K, used 500K [0x00000000e0000000, 0x00000000e9700000, 0x0000000100000000)
  eden space 128000K, 0% used [0x00000000e0000000,0x00000000e0000000,0x00000000e7d00000)
  from space 12288K, 4% used [0x00000000e8b00000,0x00000000e8b7d018,0x00000000e9700000)
  to   space 13312K, 0% used [0x00000000e7d00000,0x00000000e7d00000,0x00000000e8a00000)
 ParOldGen       total 120320K, used 17194K [0x00000000a0000000, 0x00000000a7580000, 0x00000000e0000000)
  object space 120320K, 14% used [0x00000000a0000000,0x00000000a10caac8,0x00000000a7580000)
 Metaspace       used 40957K, capacity 41886K, committed 42240K, reserved 1095680K
  class space    used 5506K, capacity 5763K, committed 5888K, reserved 1048576K
}
Event: 15.019 GC heap before
{Heap before GC invocations=18 (full 6):
 PSYoungGen      total 140288K, used 500K [0x00000000e0000000, 0x00000000e9700000, 0x0000000100000000)
  eden space 128000K, 0% used [0x00000000e0000000,0x00000000e0000000,0x00000000e7d00000)
  from space 12288K, 4% used [0x00000000e8b00000,0x00000000e8b7d018,0x00000000e9700000)
  to   space 13312K, 0% used [0x00000000e7d00000,0x00000000e7d00000,0x00000000e8a00000)
 ParOldGen       total 120320K, used 17194K [0x00000000a0000000, 0x00000000a7580000, 0x00000000e0000000)
  object space 120320K, 14% used [0x00000000a0000000,0x00000000a10caac8,0x00000000a7580000)
 Metaspace       used 40957K, capacity 41886K, committed 42240K, reserved 1095680K
  class space    used 5506K, capacity 5763K, committed 5888K, reserved 1048576K
Event: 15.058 GC heap after
Heap after GC invocations=18 (full 6):
 PSYoungGen      total 140288K, used 0K [0x00000000e0000000, 0x00000000e9700000, 0x0000000100000000)
  eden space 128000K, 0% used [0x00000000e0000000,0x00000000e0000000,0x00000000e7d00000)
  from space 12288K, 0% used [0x00000000e8b00000,0x00000000e8b00000,0x00000000e9700000)
  to   space 13312K, 0% used [0x00000000e7d00000,0x00000000e7d00000,0x00000000e8a00000)
 ParOldGen       total 120320K, used 16916K [0x00000000a0000000, 0x00000000a7580000, 0x00000000e0000000)
  object space 120320K, 14% used [0x00000000a0000000,0x00000000a1085118,0x00000000a7580000)
 Metaspace       used 40957K, capacity 41886K, committed 42240K, reserved 1093632K
  class space    used 5506K, capacity 5763K, committed 5888K, reserved 1048576K
}

Deoptimization events (10 events):
Event: 10.503 Thread 0x0000000018bd6800 Uncommon trap: reason=class_check action=maybe_recompile pc=0x0000000002d71808 method=sun.misc.URLClassPath.getLoader(I)Lsun/misc/URLClassPath$Loader; @ 94
Event: 10.510 Thread 0x0000000018bd6800 Uncommon trap: reason=class_check action=maybe_recompile pc=0x0000000002d6b378 method=sun.misc.URLClassPath.getLoader(I)Lsun/misc/URLClassPath$Loader; @ 239
Event: 10.529 Thread 0x0000000002721000 Uncommon trap: reason=unstable_if action=reinterpret pc=0x000000000287627c method=java.lang.ref.Reference.tryHandlePending(Z)Z @ 104
Event: 10.676 Thread 0x0000000018bd6800 Uncommon trap: reason=unstable_if action=reinterpret pc=0x00000000029dac4c method=java.io.WinNTFileSystem.resolve(Ljava/lang/String;Ljava/lang/String;)Ljava/lang/String; @ 49
Event: 12.979 Thread 0x0000000018bd6800 Uncommon trap: reason=unstable_if action=reinterpret pc=0x0000000002c19f8c method=java.util.WeakHashMap.expungeStaleEntries()V @ 66
Event: 13.685 Thread 0x0000000018bd6800 Uncommon trap: reason=unstable_if action=reinterpret pc=0x0000000002871e78 method=java.io.BufferedInputStream.read([BII)I @ 56
Event: 13.838 Thread 0x0000000018bd6800 Uncommon trap: reason=predicate action=maybe_recompile pc=0x0000000003251c28 method=java.util.Arrays.binarySearch0([Ljava/lang/Object;IILjava/lang/Object;Ljava/util/Comparator;)I @ 28
Event: 13.920 Thread 0x0000000018bd6800 Uncommon trap: reason=unstable_if action=reinterpret pc=0x0000000002dcc364 method=sun.misc.MetaIndex.mayContain(Ljava/lang/String;)Z @ 38
Event: 13.923 Thread 0x0000000018bd6800 Uncommon trap: reason=unstable_if action=reinterpret pc=0x00000000030cf6a8 method=java.security.CodeSource.hashCode()I @ 4
Event: 13.923 Thread 0x0000000018bd6800 Uncommon trap: reason=unstable_if action=reinterpret pc=0x0000000002fe470c method=java.security.CodeSource.hashCode()I @ 4

Classes redefined (0 events):
No events

Internal exceptions (10 events):
Event: 13.299 Thread 0x0000000018bd6800 Exception <a 'java/lang/ClassNotFoundException': org/gradle/api/internal/ConventionTaskCustomizer> (0x00000000e041d678) thrown at [D:\src\AOSP-openjdk-cygwin\jdk8u\hotspot\src\share\vm\classfile\systemDictionary.cpp, line 210]
Event: 13.301 Thread 0x0000000018bd6800 Exception <a 'java/lang/ClassNotFoundException': org/gradle/api/tasks/DeleteCustomizer> (0x00000000e045c920) thrown at [D:\src\AOSP-openjdk-cygwin\jdk8u\hotspot\src\share\vm\classfile\systemDictionary.cpp, line 210]
Event: 13.306 Thread 0x0000000018bd6800 Exception <a 'java/lang/ClassNotFoundException': org/gradle/api/tasks/Delete_DecoratedCustomizer> (0x00000000e04a9730) thrown at [D:\src\AOSP-openjdk-cygwin\jdk8u\hotspot\src\share\vm\classfile\systemDictionary.cpp, line 210]
Event: 13.357 Thread 0x0000000018bd6800 Exception <a 'java/lang/ClassNotFoundException': build_78bachx9mtf9hy355r4jqpfzzBeanInfo> (0x00000000e05c92b0) thrown at [D:\src\AOSP-openjdk-cygwin\jdk8u\hotspot\src\share\vm\classfile\systemDictionary.cpp, line 210]
Event: 13.357 Thread 0x0000000018bd6800 Exception <a 'java/lang/ClassNotFoundException': build_78bachx9mtf9hy355r4jqpfzzCustomizer> (0x00000000e05d5ca8) thrown at [D:\src\AOSP-openjdk-cygwin\jdk8u\hotspot\src\share\vm\classfile\systemDictionary.cpp, line 210]
Event: 13.368 Thread 0x0000000018bd6800 Exception <a 'java/lang/ClassNotFoundException': org/gradle/api/internal/plugins/DefaultObjectConfigurationActionBeanInfo> (0x00000000e064c670) thrown at [D:\src\AOSP-openjdk-cygwin\jdk8u\hotspot\src\share\vm\classfile\systemDictionary.cpp, line 210]
Event: 13.370 Thread 0x0000000018bd6800 Exception <a 'java/lang/ClassNotFoundException': org/gradle/api/internal/plugins/DefaultObjectConfigurationActionCustomizer> (0x00000000e068f8f0) thrown at [D:\src\AOSP-openjdk-cygwin\jdk8u\hotspot\src\share\vm\classfile\systemDictionary.cpp, line 210]
Event: 13.923 Thread 0x0000000018bd6800 Implicit null exception at 0x00000000030cad0f to 0x00000000030cf64d
Event: 13.923 Thread 0x0000000018bd6800 Implicit null exception at 0x0000000002fe4415 to 0x0000000002fe46fd
Event: 14.271 Thread 0x0000000018bd6800 Exception <a 'sun/nio/fs/WindowsException'> (0x00000000e16c52a0) thrown at [D:\src\AOSP-openjdk-cygwin\jdk8u\hotspot\src\share\vm\prims\jni.cpp, line 710]

Events (10 events):
Event: 15.219 loading class com/android/utils/concurrency/ReadWriteProcessLock
Event: 15.219 loading class com/android/utils/concurrency/ReadWriteProcessLock done
Event: 15.221 loading class com/android/utils/concurrency/ReadWriteProcessLock$Lock
Event: 15.221 loading class com/android/utils/concurrency/ReadWriteProcessLock$Lock done
Event: 15.221 loading class com/android/utils/concurrency/ReadWriteProcessLock$1
Event: 15.221 loading class com/android/utils/concurrency/ReadWriteProcessLock$1 done
Event: 15.221 loading class com/android/utils/concurrency/ReadWriteProcessLock$2
Event: 15.221 loading class com/android/utils/concurrency/ReadWriteProcessLock$2 done
Event: 15.222 loading class com/android/utils/concurrency/ReadWriteProcessLock$3
Event: 15.222 loading class com/android/utils/concurrency/ReadWriteProcessLock$3 done


Dynamic libraries:
0x00007ff77eb40000 - 0x00007ff77eb71000 	C:\Program Files\Android\Android Studio\jre\bin\java.exe
0x00007ffd29480000 - 0x00007ffd29670000 	C:\WINDOWS\SYSTEM32\ntdll.dll
0x00007ffd27cd0000 - 0x00007ffd27d82000 	C:\WINDOWS\System32\KERNEL32.DLL
0x00007ffd264c0000 - 0x00007ffd26763000 	C:\WINDOWS\System32\KERNELBASE.dll
0x00007ffd27910000 - 0x00007ffd279b3000 	C:\WINDOWS\System32\ADVAPI32.dll
0x00007ffd28fe0000 - 0x00007ffd2907e000 	C:\WINDOWS\System32\msvcrt.dll
0x00007ffd28980000 - 0x00007ffd28a17000 	C:\WINDOWS\System32\sechost.dll
0x00007ffd28e90000 - 0x00007ffd28fb0000 	C:\WINDOWS\System32\RPCRT4.dll
0x00007ffd28630000 - 0x00007ffd287c4000 	C:\WINDOWS\System32\USER32.dll
0x00007ffd26490000 - 0x00007ffd264b1000 	C:\WINDOWS\System32\win32u.dll
0x00007ffd28fb0000 - 0x00007ffd28fd6000 	C:\WINDOWS\System32\GDI32.dll
0x00007ffd26770000 - 0x00007ffd26904000 	C:\WINDOWS\System32\gdi32full.dll
0x00007ffd26a10000 - 0x00007ffd26aae000 	C:\WINDOWS\System32\msvcp_win.dll
0x00007ffd26910000 - 0x00007ffd26a0a000 	C:\WINDOWS\System32\ucrtbase.dll
0x00007ffd051f0000 - 0x00007ffd05475000 	C:\WINDOWS\WinSxS\amd64_microsoft.windows.common-controls_6595b64144ccf1df_6.0.18362.720_none_e6beb5c51314836b\COMCTL32.dll
0x00007ffd29100000 - 0x00007ffd29436000 	C:\WINDOWS\System32\combase.dll
0x00007ffd26ab0000 - 0x00007ffd26b30000 	C:\WINDOWS\System32\bcryptPrimitives.dll
0x00007ffd27c90000 - 0x00007ffd27cbe000 	C:\WINDOWS\System32\IMM32.DLL
0x0000000063590000 - 0x0000000063662000 	C:\Program Files\Android\Android Studio\jre\jre\bin\msvcr100.dll
0x0000000065e10000 - 0x0000000066656000 	C:\Program Files\Android\Android Studio\jre\jre\bin\server\jvm.dll
0x00007ffd28830000 - 0x00007ffd28838000 	C:\WINDOWS\System32\PSAPI.DLL
0x00007ffd1f430000 - 0x00007ffd1f454000 	C:\WINDOWS\SYSTEM32\WINMM.dll
0x00007ffd25470000 - 0x00007ffd2547a000 	C:\WINDOWS\SYSTEM32\VERSION.dll
0x00007ffd002a0000 - 0x00007ffd002a9000 	C:\WINDOWS\SYSTEM32\WSOCK32.dll
0x00007ffd1f400000 - 0x00007ffd1f42d000 	C:\WINDOWS\SYSTEM32\WINMMBASE.dll
0x00007ffd26440000 - 0x00007ffd2648a000 	C:\WINDOWS\System32\cfgmgr32.dll
0x00007ffd28480000 - 0x00007ffd284ef000 	C:\WINDOWS\System32\ws2_32.DLL
0x00007ffd20c30000 - 0x00007ffd20c3f000 	C:\Program Files\Android\Android Studio\jre\jre\bin\verify.dll
0x00007ffd1ba10000 - 0x00007ffd1ba39000 	C:\Program Files\Android\Android Studio\jre\jre\bin\java.dll
0x00007ffd1f4b0000 - 0x00007ffd1f4c6000 	C:\Program Files\Android\Android Studio\jre\jre\bin\zip.dll
0x00007ffd27d90000 - 0x00007ffd28475000 	C:\WINDOWS\System32\SHELL32.dll
0x00007ffd28840000 - 0x00007ffd288e9000 	C:\WINDOWS\System32\shcore.dll
0x00007ffd26db0000 - 0x00007ffd27530000 	C:\WINDOWS\System32\windows.storage.dll
0x00007ffd263e0000 - 0x00007ffd26403000 	C:\WINDOWS\System32\profapi.dll
0x00007ffd26390000 - 0x00007ffd263da000 	C:\WINDOWS\System32\powrprof.dll
0x00007ffd26340000 - 0x00007ffd26350000 	C:\WINDOWS\System32\UMPDC.dll
0x00007ffd27a20000 - 0x00007ffd27a72000 	C:\WINDOWS\System32\shlwapi.dll
0x00007ffd26370000 - 0x00007ffd26381000 	C:\WINDOWS\System32\kernel.appcore.dll
0x00007ffd26d90000 - 0x00007ffd26da7000 	C:\WINDOWS\System32\cryptsp.dll
0x00007ffd1e420000 - 0x00007ffd1e43a000 	C:\Program Files\Android\Android Studio\jre\jre\bin\net.dll
0x00007ffd14bf0000 - 0x00007ffd14dc5000 	C:\WINDOWS\SYSTEM32\urlmon.dll
0x00007ffd142c0000 - 0x00007ffd14566000 	C:\WINDOWS\SYSTEM32\iertutil.dll
0x00007ffd25d80000 - 0x00007ffd25d8c000 	C:\WINDOWS\SYSTEM32\CRYPTBASE.DLL
0x00007ffd25bb0000 - 0x00007ffd25c17000 	C:\WINDOWS\system32\mswsock.dll
0x00007ffd1a840000 - 0x00007ffd1a853000 	C:\Program Files\Android\Android Studio\jre\jre\bin\nio.dll
0x00007ffd0d510000 - 0x00007ffd0d536000 	C:\Users\test\.gradle\native\30\windows-amd64\native-platform.dll
0x00007ffd1f4f0000 - 0x00007ffd1f4fd000 	C:\Program Files\Android\Android Studio\jre\jre\bin\management.dll
0x00007ffd25720000 - 0x00007ffd25753000 	C:\WINDOWS\system32\rsaenh.dll
0x00007ffd26410000 - 0x00007ffd26436000 	C:\WINDOWS\System32\bcrypt.dll
0x00007ffd26260000 - 0x00007ffd26285000 	C:\WINDOWS\SYSTEM32\USERENV.dll
0x00007ffd258c0000 - 0x00007ffd258fa000 	C:\WINDOWS\SYSTEM32\IPHLPAPI.DLL
0x00007ffd27cc0000 - 0x00007ffd27cc8000 	C:\WINDOWS\System32\NSI.dll
0x00007ffd1a7d0000 - 0x00007ffd1a7e6000 	C:\WINDOWS\SYSTEM32\dhcpcsvc6.DLL
0x00007ffd1a940000 - 0x00007ffd1a95c000 	C:\WINDOWS\SYSTEM32\dhcpcsvc.DLL
0x00007ffd25910000 - 0x00007ffd259da000 	C:\WINDOWS\SYSTEM32\DNSAPI.dll

VM Arguments:
jvm_args: -Xmx1536m -Dfile.encoding=windows-1252 -Duser.country=SG -Duser.language=en -Duser.variant 
java_command: org.gradle.launcher.daemon.bootstrap.GradleDaemon 5.6.4
java_class_path (initial): C:\Users\test\.gradle\wrapper\dists\gradle-5.6.4-all\ankdp27end7byghfw1q2sw75f\gradle-5.6.4\lib\gradle-launcher-5.6.4.jar
Launcher Type: SUN_STANDARD

Environment Variables:
PATH=C:\Users\test\AppData\Local\Programs\Python\Python37-32\Scripts;C:\Program Files\Intel\iCLS Client\;C:\windows\system32;C:\windows;C:\Users\test\AppData\Local\Programs\Python\Python37-32\Scripts;C:\windows\System32\WindowsPowerShell\v1.0\;C:\Program Files (x86)\NVIDIA Corporation\PhysX\Common;C:\Program Files (x86)\Windows Live\Shared;C:\WINDOWS\system32;C:\WINDOWS;C:\WINDOWS\System32\Wbem;C:\WINDOWS\System32\WindowsPowerShell\v1.0\;C:\WINDOWS\System32\OpenSSH\;C:\Program Files\MATLAB\R2018a\bin;C:\Program Files\Intel\WiFi\bin\;C:\Program Files\Common Files\Intel\WirelessCommon\;C:\Program Files (x86)\Intel\Intel(R) Management Engine Components\DAL;C:\Program Files\Intel\Intel(R) Management Engine Components\DAL;C:\Users\test\AppData\Local\Programs\Python\Python37-32\;C:\Users\test\AppData\Local\Programs\Python\Python37-32\Scripts
USERNAME=test
OS=Windows_NT
PROCESSOR_IDENTIFIER=Intel64 Family 6 Model 142 Stepping 9, GenuineIntel



---------------  S Y S T E M  ---------------

OS: Windows 10.0 , 64 bit Build 18362 (10.0.18362.329)

CPU:total 4 (initial active 4) (2 cores per cpu, 2 threads per core) family 6 model 142 stepping 9, cmov, cx8, fxsr, mmx, sse, sse2, sse3, ssse3, sse4.1, sse4.2, popcnt, avx, avx2, aes, clmul, erms, 3dnowpref, lzcnt, ht, tsc, tscinvbit, bmi1, bmi2, adx

Memory: 4k page, physical 8283344k(280320k free), swap 33449168k(4108k free)

vm_info: OpenJDK 64-Bit Server VM (25.212-b04) for windows-amd64 JRE (1.8.0_212-release-1586-b04), built by "builder" with MS VC++ 10.0 (VS2010)

time: Thu Apr 09 12:45:57 2020
timezone: India Standard Time
elapsed time: 15 seconds (0d 0h 0m 15s)

